   SW   perc perc perc  query        position in query           matching        repeat           position in repeat
score   div. del. ins.  sequence     begin   end        (left)   repeat          class/family   begin  end    (left)  ID

   17   18.4  0.0  0.0  NC_000913.3      198     235 (4641417) + (CATCAC)n       Simple_repeat       1     38    (0)   1  
   12   13.9  0.0  0.0  NC_000913.3    73612   73635 (4568017) + (GCA)n          Simple_repeat       1     24    (0)   2  
   19   19.9  3.3  3.3  NC_000913.3    84032   84092 (4557560) + (ATTA)n         Simple_repeat       1     61    (0)   3  
   14    4.9  0.0  0.0  NC_000913.3   105352  105372 (4536280) + (CGG)n          Simple_repeat       1     21    (0)   4  
   16   24.6  0.0  0.0  NC_000913.3   130299  130341 (4511311) + (TGA)n          Simple_repeat       1     43    (0)   5  
   19   22.1  0.0  0.0  NC_000913.3   164814  164860 (4476792) + (GACGAT)n       Simple_repeat       1     47    (0)   6  
   13   12.9  9.1  2.1  NC_000913.3   167166  167209 (4474443) + (CAGCAA)n       Simple_repeat       1     47    (0)   7  
  205   28.3  0.0  0.0  NC_000913.3   207332  207384 (4434268) C MamRTE1         LINE/RTE-BovB   (824)   2988   2936   8  
  747   29.9  5.6  3.0  NC_000913.3   224527  224885 (4416767) + SSU-rRNA_Hsa    rRNA             1025   1392  (477)   9  
  366   37.0  3.9  0.0  NC_000913.3   224977  225179 (4416473) + SSU-rRNA_Hsa    rRNA             1500   1710  (159)   9  
  262   11.6  0.0  0.0  NC_000913.3   225262  225304 (4416348) + SSU-rRNA_Hsa    rRNA             1824   1866    (3)  10  
  197   29.0  1.6  0.0  NC_000913.3   225382  225443 (4416209) + MamSINE1        SINE/tRNA-RTE       7     69  (221)  11  
  327   21.3  0.0  1.3  NC_000913.3   225500  225575 (4416077) + tRNA-Ala-GCY_v  tRNA                1     75    (0)  12  
  393   22.4  0.0  1.9  NC_000913.3   225931  226039 (4415613) + LSU-rRNA_Hsa    rRNA               17    123 (4912)  13  
  353   22.4  2.0  3.0  NC_000913.3   226177  226277 (4415375) + LSU-rRNA_Hsa    rRNA              316    415 (4620)  13  
  299   31.1  2.6  2.0  NC_000913.3   226427  226577 (4415075) + LSU-rRNA_Hsa    rRNA             1504   1655 (3380)  14  
  549   33.1  2.8  7.6  NC_000913.3   227529  227887 (4413765) + LSU-rRNA_Hsa    rRNA             3612   3954 (1081)  14  
  564   29.9  4.7  6.2  NC_000913.3   227962  228367 (4413285) + LSU-rRNA_Hsa    rRNA             4126   4525  (510)  14  
  277   18.4  0.0  5.0  NC_000913.3   228933  228995 (4412657) + tRNA-Gly-GGY    tRNA                6     65    (9)  15  
  251   18.4  0.0  5.0  NC_000913.3   236936  236998 (4404654) + tRNA-Gly-GGY    tRNA                6     65    (9)  16  
   11   27.7  0.0  0.0  NC_000913.3   238792  238830 (4402822) + (TTTTCCA)n      Simple_repeat       1     39    (0)  17  
   14   12.7  0.0  0.0  NC_000913.3   246315  246340 (4395312) + (TTGA)n         Simple_repeat       1     26    (0)  18  
  244   29.0  0.0  0.0  NC_000913.3   262878  262946 (4378706) + tRNA-Lys-AAG    tRNA                8     76    (0)  19  
   14   13.2  2.9  2.9  NC_000913.3   448607  448641 (4193011) + (GTGCGC)n       Simple_repeat       1     35    (0)  20  
  186   20.0  5.0  0.0  NC_000913.3   453502  453541 (4188111) + L2              LINE/L2          1272   1313 (2106)  21  
   16    8.6  4.9  4.9  NC_000913.3   520472  520512 (4121140) + (GCTGGC)n       Simple_repeat       1     41    (0)  22  
  197   23.7  0.0  0.0  NC_000913.3   585952  585989 (4055663) + L2              LINE/L2          2884   2921  (498)  23  
  187   18.4  0.0  2.6  NC_000913.3   621554  621592 (4020060) + X6A_LINE        LINE/CR1           79    116  (962)  24  
  285   29.4  0.0  0.0  NC_000913.3   696666  696733 (3944919) C tRNA-Ile-ATT    tRNA              (0)     75      8  25 *
  314   25.4  0.0  0.0  NC_000913.3   696675  696741 (3944911) C MamSINE1        SINE/tRNA-RTE   (218)     72      6  26  
  285   29.4  0.0  0.0  NC_000913.3   697059  697126 (3944526) C tRNA-Ile-ATT    tRNA              (0)     75      8  27 *
  314   25.4  0.0  0.0  NC_000913.3   697068  697134 (3944518) C MamSINE1        SINE/tRNA-RTE   (218)     72      6  28  
  232   24.1  8.1  3.3  NC_000913.3   700376  700461 (3941191) + MER91B          DNA/hAT-Tip100     99    188    (2)  29  
   16   19.4  2.4  0.0  NC_000913.3   708022  708062 (3933590) + A-rich          Low_complexity      1     42    (0)  30  
   14   11.7  8.1  0.0  NC_000913.3   770850  770886 (3870766) + (TAATTA)n       Simple_repeat       1     40    (0)  31  
  273   22.7  0.0  0.0  NC_000913.3   780557  780622 (3861030) + tRNA-Tyr-TAC    tRNA                4     69    (5)  32  
  273   22.7  0.0  0.0  NC_000913.3   780846  780911 (3860741) + tRNA-Tyr-TAC    tRNA                4     69    (5)  33  
  273   22.7  0.0  0.0  NC_000913.3   781150  781215 (3860437) + tRNA-Tyr-TAC    tRNA                4     69    (5)  34  
  273   22.7  0.0  0.0  NC_000913.3   781372  781437 (3860215) + tRNA-Tyr-TAC    tRNA                4     69    (5)  35  
  273   22.7  0.0  0.0  NC_000913.3   781580  781645 (3860007) + tRNA-Tyr-TAC    tRNA                4     69    (5)  36  
   11   27.7  0.0  0.0  NC_000913.3   832052  832090 (3809562) + (GTCGCG)n       Simple_repeat       1     39    (0)  37  
   13   10.8  3.1  3.1  NC_000913.3   836309  836340 (3805312) + A-rich          Low_complexity      1     32    (0)  38  
   19   20.4  0.0  0.0  NC_000913.3   933860  933904 (3707748) + (GATGAA)n       Simple_repeat       1     45    (0)  39  
  185   27.3  3.5  3.5  NC_000913.3   936196  936252 (3705400) C OldhAT1         DNA/hAT-Ac     (1895)    947    891  40  
  188   17.4  2.1  2.1  NC_000913.3   982051  982097 (3659555) C OldhAT1         DNA/hAT-Ac     (2537)    305    259  41  
   12   19.3  4.7  2.3  NC_000913.3   998393  998435 (3643217) + (ATTA)n         Simple_repeat       1     44    (0)  42  
   12   25.7  0.0  0.0  NC_000913.3  1019431 1019467 (3622185) + (GGAGCT)n       Simple_repeat       1     37    (0)  43  
   16   17.0  6.5  0.0  NC_000913.3  1080414 1080459 (3561193) + (GCTGGT)n       Simple_repeat       1     49    (0)  44  
   66    3.0  0.0  0.0  NC_000913.3  1198438 1198505 (3443147) + (ATGAAATG)n     Simple_repeat       1     68    (0)  45  
   12   25.2  2.4  0.0  NC_000913.3  1219480 1219521 (3422131) + (TGTTTT)n       Simple_repeat       1     43    (0)  46  
   13   18.2  0.0  0.0  NC_000913.3  1229831 1229861 (3411791) + (ACCGGC)n       Simple_repeat       1     31    (0)  47  
   14   28.4  0.0  0.0  NC_000913.3  1311273 1311319 (3330333) + (AGCCGG)n       Simple_repeat       1     47    (0)  48  
   20   12.2  0.0  0.0  NC_000913.3  1311359 1311394 (3330258) + (AAGCCG)n       Simple_repeat       1     36    (0)  49  
   17   22.3  0.0  2.1  NC_000913.3  1326590 1326638 (3315014) + (CGGTGG)n       Simple_repeat       1     48    (0)  50  
   22   16.9  4.0  5.5  NC_000913.3  1329531 1329604 (3312048) + A-rich          Low_complexity      1     73    (0)  51  
   12   15.3  3.5  0.0  NC_000913.3  1401786 1401814 (3239838) + (GTT)n          Simple_repeat       1     30    (0)  52  
   12   18.8  2.6  2.6  NC_000913.3  1457340 1457377 (3184275) + A-rich          Low_complexity      1     38    (0)  53  
  199   26.9  1.9  0.0  NC_000913.3  1574990 1575041 (3066611) C X7B_LINE        LINE/CR1         (34)    216    164  54  
  214   31.8  0.0  3.7  NC_000913.3  1599173 1599257 (3042395) + MamRTE1         LINE/RTE-BovB    2086   2167 (1645)  55  
  229    8.9 13.3  0.0  NC_000913.3  1635470 1635514 (3006138) C Helitron1Na_Mam RC/Helitron     (193)    869    819  56  
  184   27.5  0.0  0.0  NC_000913.3  1673216 1673255 (2968397) + LFSINE_Vert     SINE/tRNA         409    448   (11)  57  
   12   13.7  0.0  0.0  NC_000913.3  1685375 1685398 (2956254) + (GATT)n         Simple_repeat       1     24    (0)  58  
  192   32.1  0.0  0.0  NC_000913.3  1746442 1746497 (2895155) + MamSINE1        SINE/tRNA-RTE      14     69  (221)  59  
  181   32.1  0.0  0.0  NC_000913.3  1746523 1746578 (2895074) + MamSINE1        SINE/tRNA-RTE      14     69  (221)  60  
  180   17.7 12.5  2.9  NC_000913.3  1785180 1785243 (2856409) + AmnL2-1         LINE/L2           277    346 (2267)  61  
   13   10.7  3.1  3.1  NC_000913.3  1893822 1893853 (2747799) + (TATTTA)n       Simple_repeat       1     32    (0)  62  
   12   22.1  0.0  0.0  NC_000913.3  1893851 1893882 (2747770) + A-rich          Low_complexity      1     32    (0)  63 *
   17    7.0  0.0  6.2  NC_000913.3  1900755 1900788 (2740864) + (CGGCAT)n       Simple_repeat       1     32    (0)  64  
  246   26.8  0.0  0.0  NC_000913.3  1992055 1992110 (2649542) C tRNA-Lys-AAG    tRNA             (13)     63      8  65  
   13   22.9  5.9  0.0  NC_000913.3  2002773 2002823 (2638829) + (AGTTGC)n       Simple_repeat       1     54    (0)  66  
   15   15.3  0.0  0.0  NC_000913.3  2004083 2004111 (2637541) + (CCA)n          Simple_repeat       1     29    (0)  67  
   18   17.2  0.0  6.1  NC_000913.3  2014578 2014629 (2627023) + (GTTGCTG)n      Simple_repeat       1     49    (0)  68  
   20   13.2  3.6  5.5  NC_000913.3  2033840 2033895 (2607757) + (TTATAA)n       Simple_repeat       1     55    (0)  69  
  307   21.5  1.5  0.0  NC_000913.3  2044556 2044620 (2597032) + tRNA-Tyr-TAC    tRNA                8     73    (1)  70  
  188   11.5 18.2  4.8  NC_000913.3  2049901 2049955 (2591697) C Penelope1_Vert  LINE/Penelope   (788)    291    230  71  
   12   21.6  0.0  0.0  NC_000913.3  2057300 2057331 (2584321) + (TTGAAG)n       Simple_repeat       1     32    (0)  72  
  307   21.5  1.5  0.0  NC_000913.3  2058031 2058095 (2583557) C tRNA-Tyr-TAC    tRNA              (1)     73      8  73  
  307   21.5  1.5  0.0  NC_000913.3  2059858 2059922 (2581730) + tRNA-Tyr-TAC    tRNA                8     73    (1)  74  
  307   21.5  1.5  0.0  NC_000913.3  2062267 2062331 (2579321) + tRNA-Tyr-TAC    tRNA                8     73    (1)  75  
   14    8.5  0.0  3.9  NC_000913.3  2092973 2092999 (2548653) + (GCTG)n         Simple_repeat       1     26    (0)  76  
   13   10.0  0.0 11.1  NC_000913.3  2106160 2106199 (2535453) + A-rich          Low_complexity      1     36    (0)  77  
   15   25.3  0.0  0.0  NC_000913.3  2130479 2130520 (2511132) + (CCA)n          Simple_repeat       1     42    (0)  78  
   11   17.3  7.7  0.0  NC_000913.3  2174114 2174152 (2467500) + (GCCAAT)n       Simple_repeat       1     42    (0)  79  
   17   32.4  0.0  0.0  NC_000913.3  2186283 2186347 (2455305) + (CATCAT)n       Simple_repeat       1     65    (0)  80  
   12    4.5  4.0  4.0  NC_000913.3  2200011 2200035 (2441617) + (GGAT)n         Simple_repeat       1     25    (0)  81  
   13   27.9  0.0  0.0  NC_000913.3  2220316 2220358 (2421294) + (CACCAG)n       Simple_repeat       1     43    (0)  82  
   18   18.9  2.0  2.0  NC_000913.3  2341351 2341400 (2300252) + (GGATCA)n       Simple_repeat       1     50    (0)  83  
   14   26.0  1.9  1.9  NC_000913.3  2391608 2391659 (2249993) + (CAG)n          Simple_repeat       1     52    (0)  84  
  204   25.0  0.0  0.0  NC_000913.3  2398658 2398705 (2242947) C L3              LINE/CR1       (3510)    589    542  85  
   12   32.9  0.0  0.0  NC_000913.3  2407061 2407109 (2234543) + (TTATG)n        Simple_repeat       1     49    (0)  86  
   12    4.3  8.3  0.0  NC_000913.3  2460582 2460605 (2181047) + (AGAAA)n        Simple_repeat       1     26    (0)  87  
   12   11.3  7.1  4.7  NC_000913.3  2469321 2469362 (2172290) + (ATAGTTAT)n     Simple_repeat       1     43    (0)  88  
   13   19.3  7.1  0.0  NC_000913.3  2470209 2470250 (2171402) + (TTA)n          Simple_repeat       1     45    (0)  89  
  311   21.3  0.0  1.3  NC_000913.3  2518041 2518116 (2123536) C tRNA-Ala-GCY_v  tRNA              (0)     75      1  90  
  311   21.3  0.0  1.3  NC_000913.3  2518156 2518231 (2123421) C tRNA-Ala-GCY_v  tRNA              (0)     75      1  91  
  187   28.1  1.6  0.0  NC_000913.3  2521049 2521112 (2120540) + MamSINE1        SINE/tRNA-RTE       5     69  (221)  92  
  187   28.1  1.6  0.0  NC_000913.3  2521171 2521234 (2120418) + MamSINE1        SINE/tRNA-RTE       5     69  (221)  93  
  273   22.7  0.0  0.0  NC_000913.3  2521256 2521321 (2120331) + tRNA-Tyr-TAC    tRNA                4     69    (5)  94  
  186   41.8  0.0  1.8  NC_000913.3  2578743 2578854 (2062798) C MamRTE1         LINE/RTE-BovB  (2065)   1747   1638  95  
   13   24.9  0.0  0.0  NC_000913.3  2581633 2581681 (2059971) + (TGCCGGA)n      Simple_repeat       1     49    (0)  96  
   15   21.2  0.0  0.0  NC_000913.3  2636773 2636810 (2004842) + (TCCTCT)n       Simple_repeat       1     38    (0)  97  
   15   23.9  2.2  0.0  NC_000913.3  2672951 2672995 (1968657) + (CCGCTA)n       Simple_repeat       1     46    (0)  98  
  184   20.0  0.0  0.0  NC_000913.3  2711442 2711481 (1930171) C OldhAT1         DNA/hAT-Ac     (2359)    483    444  99  
   12   18.9  7.1  0.0  NC_000913.3  2718486 2718527 (1923125) + (TCACCTT)n      Simple_repeat       1     45    (0) 100  
  564   29.9  4.7  6.2  NC_000913.3  2726576 2726981 (1914671) C LSU-rRNA_Hsa    rRNA            (510)   4525   4126 101  
  434   29.9  4.7  9.6  NC_000913.3  2727056 2727414 (1914238) C LSU-rRNA_Hsa    rRNA           (1081)   3954   3612 101  
  244   29.2  3.3  2.6  NC_000913.3  2728366 2728516 (1913136) C LSU-rRNA_Hsa    rRNA           (3380)   1655   1504 101  
  331   22.4  2.0  3.0  NC_000913.3  2728666 2728766 (1912886) C LSU-rRNA_Hsa    rRNA           (4620)    415    316 101  
  354   21.8  0.0  1.1  NC_000913.3  2728904 2728996 (1912656) C LSU-rRNA_Hsa    rRNA           (4912)    123     32 101  
  253   11.6  0.0  0.0  NC_000913.3  2729624 2729666 (1911986) C SSU-rRNA_Hsa    rRNA              (3)   1866   1824 102  
  294   32.1  0.0  0.0  NC_000913.3  2729749 2729854 (1911798) C SSU-rRNA_Hsa    rRNA            (159)   1710   1605 103  
  201   20.6  0.0  0.0  NC_000913.3  2729893 2729926 (1911726) + L2-2_Mam        LINE/L2             9     42  (330) 104  
  587   29.7  5.8  3.3  NC_000913.3  2730043 2730401 (1911251) C SSU-rRNA_Hsa    rRNA            (477)   1392   1025 103  
  186   14.3  0.0  0.0  NC_000913.3  2758687 2758714 (1882938) C LFSINE_Vert     SINE/tRNA        (68)    391    364 105  
   58    0.0  0.0  0.0  NC_000913.3  2765412 2765463 (1876189) + (GCACTATG)n     Simple_repeat       1     52    (0) 106  
   14   18.9  0.0  2.7  NC_000913.3  2774393 2774430 (1867222) + A-rich          Low_complexity      1     37    (0) 107  
   35   22.2  1.2  0.0  NC_000913.3  2779098 2779181 (1862471) + G-rich          Low_complexity      1     85    (0) 108  
  248   23.2  0.3  0.0  NC_000913.3  2785764 2785837 (1855815) C tRNA-Lys-AAG    tRNA              (0)     75      1 109  
  232   35.1  0.0  0.0  NC_000913.3  2817784 2817857 (1823795) C tRNA-Asn-AAC    tRNA              (0)     77      4 110  
  232   35.1  0.0  0.0  NC_000913.3  2818059 2818132 (1823520) C tRNA-Asn-AAC    tRNA              (0)     77      4 111  
  232   35.1  0.0  0.0  NC_000913.3  2818198 2818271 (1823381) C tRNA-Asn-AAC    tRNA              (0)     77      4 112  
  232   35.1  0.0  0.0  NC_000913.3  2818473 2818546 (1823106) C tRNA-Asn-AAC    tRNA              (0)     77      4 113  
   11   24.0  2.6  0.0  NC_000913.3  2834231 2834269 (1807383) + (CCTGTG)n       Simple_repeat       1     40    (0) 114  
   13   24.8  6.2  1.5  NC_000913.3  2847760 2847823 (1793829) + (AGCAGC)n       Simple_repeat       1     67    (0) 115  
  222   18.5  5.5  1.8  NC_000913.3  2859114 2859168 (1782484) C LFSINE_Vert     SINE/tRNA       (300)    159    103 116  
   12   21.7  0.0  0.0  NC_000913.3  2878348 2878379 (1763273) + (TTCGGC)n       Simple_repeat       1     32    (0) 117  
  198   29.2  2.7  1.4  NC_000913.3  2880303 2880375 (1761277) C X15_LINE        LINE/L2          (96)    265    192 118  
   12   25.6  0.0  0.0  NC_000913.3  2921078 2921114 (1720538) + (CACCAT)n       Simple_repeat       1     37    (0) 119  
  235   28.4  0.0  2.7  NC_000913.3  2947388 2947463 (1694189) + tRNA-Met-i      tRNA                2     75    (0) 120  
  235   28.4  0.0  2.7  NC_000913.3  2947498 2947573 (1694079) + tRNA-Met-i      tRNA                2     75    (0) 121  
  235   28.4  0.0  2.7  NC_000913.3  2947608 2947683 (1693969) + tRNA-Met-i      tRNA                2     75    (0) 122  
   13   21.3  0.0  0.0  NC_000913.3  2971524 2971556 (1670096) + (TTTCCC)n       Simple_repeat       1     33    (0) 123  
   12   23.1  0.0  4.8  NC_000913.3  2983155 2983198 (1658454) + (CAGCCC)n       Simple_repeat       1     42    (0) 124  
   11   24.5  2.2  2.2  NC_000913.3  2988406 2988450 (1653202) + A-rich          Low_complexity      1     45    (0) 125  
   12   22.0  2.7  0.0  NC_000913.3  2991175 2991211 (1650441) + A-rich          Low_complexity      1     38    (0) 126  
   13   14.2  3.2  0.0  NC_000913.3  2995185 2995215 (1646437) + A-rich          Low_complexity      1     32    (0) 127  
  181   33.3  2.5  2.5  NC_000913.3  3021770 3021849 (1619803) + Penelope1_Vert  LINE/Penelope     411    490  (589) 128  
   15   19.6  0.0  0.0  NC_000913.3  3027553 3027587 (1614065) + (ATCGGT)n       Simple_repeat       1     35    (0) 129  
   11    6.5  8.3  5.4  NC_000913.3  3053466 3053501 (1588151) + (GCCAGC)n       Simple_repeat       1     37    (0) 130  
  185   28.6  1.8  0.0  NC_000913.3  3078549 3078604 (1563048) + MamRTE1         LINE/RTE-BovB     555    611 (3201) 131  
  315   24.3  0.0  0.0  NC_000913.3  3110366 3110441 (1531211) + tRNA-Tyr-TAC    tRNA                1     76    (0) 132  
   20   16.3  0.0  0.0  NC_000913.3  3213617 3213657 (1427995) + (GACGAA)n       Simple_repeat       1     41    (0) 133  
   18   31.5  0.0  0.0  NC_000913.3  3213658 3213676 (1427976) + (GAC)n          Simple_repeat       1     60    (0) 134  
  248   23.5  0.0  0.0  NC_000913.3  3215598 3215672 (1425980) + tRNA-Lys-AAG    tRNA                1     75    (0) 135  
   12   13.6  0.0  8.6  NC_000913.3  3315443 3315480 (1326172) + (GCTTCA)n       Simple_repeat       1     35    (0) 136  
   15   15.1  2.6  2.6  NC_000913.3  3315668 3315706 (1325946) + (GCTTCC)n       Simple_repeat       1     39    (0) 137  
  240   25.6  0.0  0.9  NC_000913.3  3318213 3318288 (1323364) C tRNA-Thr-ACG    tRNA              (0)     75      2 138  
   14   12.1  0.0  3.6  NC_000913.3  3331274 3331302 (1310350) + (CAG)n          Simple_repeat       1     28    (0) 139  
  186   30.7  1.3 20.6  NC_000913.3  3368062 3368217 (1273435) + L3              LINE/CR1         2850   2980 (1119) 140  
   12   18.9  2.6  2.6  NC_000913.3  3391097 3391134 (1250518) + (ATCGACC)n      Simple_repeat       1     38    (0) 141  
  180   22.8  6.9  1.6  NC_000913.3  3410363 3410420 (1231232) C LFSINE_Vert     SINE/tRNA        (17)    442    382 142  
  263   23.2  6.8  6.8  NC_000913.3  3423582 3423655 (1217997) C tRNA-Ala-GCG    tRNA              (0)     74      1 143  
  552   30.2  4.7  6.2  NC_000913.3  3424175 3424580 (1217072) C LSU-rRNA_Hsa    rRNA            (510)   4525   4126 144  
  549   33.1  2.8  7.6  NC_000913.3  3424655 3425013 (1216639) C LSU-rRNA_Hsa    rRNA           (1081)   3954   3612 144  
  299   31.1  2.6  2.0  NC_000913.3  3425965 3426115 (1215537) C LSU-rRNA_Hsa    rRNA           (3380)   1655   1504 144  
  353   22.4  2.0  3.0  NC_000913.3  3426265 3426365 (1215287) C LSU-rRNA_Hsa    rRNA           (4620)    415    316 145  
  371   23.4  0.0  1.9  NC_000913.3  3426503 3426611 (1215041) C LSU-rRNA_Hsa    rRNA           (4912)    123     17 145  
  327   21.3  0.0  1.3  NC_000913.3  3426958 3427033 (1214619) C tRNA-Ala-GCY_v  tRNA              (0)     75      1 146  
  197   29.0  1.6  0.0  NC_000913.3  3427090 3427151 (1214501) C MamSINE1        SINE/tRNA-RTE   (221)     69      7 147  
  262   11.6  0.0  0.0  NC_000913.3  3427229 3427271 (1214381) C SSU-rRNA_Hsa    rRNA              (3)   1866   1824 148  
  866   33.3  7.7  2.5  NC_000913.3  3427354 3428006 (1213646) C SSU-rRNA_Hsa    rRNA            (159)   1710   1025 149  
   12   24.1  0.0  0.0  NC_000913.3  3429087 3429120 (1212532) + (TTT)n          Simple_repeat       1     34    (0) 150  
   13   17.6  0.0  3.0  NC_000913.3  3461494 3461527 (1180125) + (GCTGGC)n       Simple_repeat       1     33    (0) 151  
   21   28.4  6.2  0.0  NC_000913.3  3477958 3478054 (1163598) + (ACCGTG)n       Simple_repeat       1    103    (0) 152  
   18   14.9  0.0  0.0  NC_000913.3  3496960 3496989 (1144663) + (T)n            Simple_repeat       1     30    (0) 153  
   12   20.3  4.1  4.1  NC_000913.3  3505774 3505822 (1135830) + (GCCCAGC)n      Simple_repeat       1     49    (0) 154  
   15   21.3  2.2  2.2  NC_000913.3  3584719 3584763 (1056889) + (AAT)n          Simple_repeat       1     45    (0) 155  
   13   12.2  3.7  0.0  NC_000913.3  3586732 3586758 (1054894) + (GGC)n          Simple_repeat       1     28    (0) 156  
   16   26.4  0.0  0.0  NC_000913.3  3625909 3625953 (1015699) + (GCA)n          Simple_repeat       1     45    (0) 157  
   11   28.0  0.0  0.0  NC_000913.3  3627818 3627856 (1013796) + (ATCAGC)n       Simple_repeat       1     39    (0) 158  
   16   16.5  0.0  0.0  NC_000913.3  3666852 3666885  (974767) + (GTCGAT)n       Simple_repeat       1     34    (0) 159  
   12   13.6  0.0  8.6  NC_000913.3  3704302 3704339  (937313) + (CCAGCG)n       Simple_repeat       1     35    (0) 160  
   15   14.3  3.0  3.0  NC_000913.3  3751945 3751977  (889675) + (AT)n           Simple_repeat       1     33    (0) 161  
   13    0.0  3.2 10.3  NC_000913.3  3769644 3769674  (871978) + (AAATA)n        Simple_repeat       1     29    (0) 162  
   11   20.0  1.9  8.0  NC_000913.3  3843920 3843972  (797680) + A-rich          Low_complexity      1     50    (0) 163  
   12    4.3  8.3  0.0  NC_000913.3  3920827 3920850  (720802) + (CAGAA)n        Simple_repeat       1     26    (0) 164  
  866   33.3  7.7  2.5  NC_000913.3  3942564 3943216  (698436) + SSU-rRNA_Hsa    rRNA             1025   1710  (159) 165  
  262   11.6  0.0  0.0  NC_000913.3  3943299 3943341  (698311) + SSU-rRNA_Hsa    rRNA             1824   1866    (3) 166  
  371   23.4  0.0  1.9  NC_000913.3  3943876 3943984  (697668) + LSU-rRNA_Hsa    rRNA               17    123 (4912) 167  
  353   22.4  2.0  3.0  NC_000913.3  3944122 3944222  (697430) + LSU-rRNA_Hsa    rRNA              316    415 (4620) 167  
  299   31.1  2.6  2.0  NC_000913.3  3944372 3944522  (697130) + LSU-rRNA_Hsa    rRNA             1504   1655 (3380) 168  
  549   33.1  2.8  7.6  NC_000913.3  3945474 3945832  (695820) + LSU-rRNA_Hsa    rRNA             3612   3954 (1081) 168  
  565   31.5  4.7  4.5  NC_000913.3  3945911 3946312  (695340) + LSU-rRNA_Hsa    rRNA             4123   4525  (510) 168  
  277   18.4  0.0  5.0  NC_000913.3  3946877 3946939  (694713) + tRNA-Gly-GGY    tRNA                6     65    (9) 169  
  236   31.7  0.0  0.0  NC_000913.3  3946963 3947022  (694630) + tRNA-Arg-AGG    tRNA                7     66   (10) 170  
  234   26.4  0.0  4.2  NC_000913.3  3982382 3982456  (659196) + MamSINE1        SINE/tRNA-RTE      14     85  (205) 171  
  200   31.3  4.8  0.0  NC_000913.3  3993969 3994051  (647601) + X6B_LINE        LINE/CR1           98    184  (888) 172  
  866   33.3  7.7  2.5  NC_000913.3  4036287 4036939  (604713) + SSU-rRNA_Hsa    rRNA             1025   1710  (159) 173  
  262   11.6  0.0  0.0  NC_000913.3  4037022 4037064  (604588) + SSU-rRNA_Hsa    rRNA             1824   1866    (3) 174  
  197   29.0  1.6  0.0  NC_000913.3  4037142 4037203  (604449) + MamSINE1        SINE/tRNA-RTE       7     69  (221) 175  
  327   21.3  0.0  1.3  NC_000913.3  4037260 4037335  (604317) + tRNA-Ala-GCY_v  tRNA                1     75    (0) 176  
  371   23.4  0.0  1.9  NC_000913.3  4037691 4037799  (603853) + LSU-rRNA_Hsa    rRNA               17    123 (4912) 177  
  353   22.4  2.0  3.0  NC_000913.3  4037937 4038037  (603615) + LSU-rRNA_Hsa    rRNA              316    415 (4620) 177  
  299   31.1  2.6  2.0  NC_000913.3  4038187 4038337  (603315) + LSU-rRNA_Hsa    rRNA             1504   1655 (3380) 178  
  533   33.2  2.8  8.2  NC_000913.3  4039288 4039648  (602004) + LSU-rRNA_Hsa    rRNA             3612   3954 (1081) 178  
  564   29.9  4.7  6.2  NC_000913.3  4039723 4040128  (601524) + LSU-rRNA_Hsa    rRNA             4126   4525  (510) 178  
   18   14.0  2.4  2.4  NC_000913.3  4051788 4051828  (589824) + GA-rich         Low_complexity      1     41    (0) 179  
   14   21.8  2.6  0.0  NC_000913.3  4073847 4073884  (567768) + (GGC)n          Simple_repeat       1     39    (0) 180  
   12   16.3  2.8  2.8  NC_000913.3  4100199 4100234  (541418) + (AATGCC)n       Simple_repeat       1     36    (0) 181  
   13   18.8  0.0  0.0  NC_000913.3  4104896 4104926  (536726) + (AACACC)n       Simple_repeat       1     31    (0) 182  
  866   33.3  7.7  2.5  NC_000913.3  4167415 4168067  (473585) + SSU-rRNA_Hsa    rRNA             1025   1710  (159) 183  
  262   11.6  0.0  0.0  NC_000913.3  4168150 4168192  (473460) + SSU-rRNA_Hsa    rRNA             1824   1866    (3) 184  
  371   23.4  0.0  1.9  NC_000913.3  4168813 4168921  (472731) + LSU-rRNA_Hsa    rRNA               17    123 (4912) 185  
  353   22.4  2.0  3.0  NC_000913.3  4169059 4169159  (472493) + LSU-rRNA_Hsa    rRNA              316    415 (4620) 185  
  299   31.1  2.6  2.0  NC_000913.3  4169309 4169459  (472193) + LSU-rRNA_Hsa    rRNA             1504   1655 (3380) 186  
  549   33.1  2.8  7.6  NC_000913.3  4170411 4170769  (470883) + LSU-rRNA_Hsa    rRNA             3612   3954 (1081) 186  
  564   29.9  4.7  6.2  NC_000913.3  4170844 4171249  (470403) + LSU-rRNA_Hsa    rRNA             4126   4525  (510) 186  
  254   22.0  1.4  1.4  NC_000913.3  4175388 4175461  (466191) + tRNA-Tyr-TAC    tRNA                1     74    (0) 187  
  234   24.1  0.0  0.0  NC_000913.3  4175682 4175735  (465917) + tRNA-Gly-GGA    tRNA               10     63   (12) 188  
   14   28.8  0.0  0.0  NC_000913.3  4180662 4180707  (460945) + (GCT)n          Simple_repeat       1     46    (0) 189  
   12   15.0  8.8  5.1  NC_000913.3  4182166 4182222  (459430) + (GAGCT)n        Simple_repeat       1     59    (0) 190  
   12   15.3  6.4  4.2  NC_000913.3  4193404 4193450  (448202) + (GCCAGC)n       Simple_repeat       1     48    (0) 191  
  866   33.3  7.7  2.5  NC_000913.3  4208903 4209555  (432097) + SSU-rRNA_Hsa    rRNA             1025   1710  (159) 192  
  262   11.6  0.0  0.0  NC_000913.3  4209638 4209680  (431972) + SSU-rRNA_Hsa    rRNA             1824   1866    (3) 193  
  371   23.4  0.0  1.9  NC_000913.3  4210215 4210323  (431329) + LSU-rRNA_Hsa    rRNA               17    123 (4912) 194  
  353   22.4  2.0  3.0  NC_000913.3  4210461 4210561  (431091) + LSU-rRNA_Hsa    rRNA              316    415 (4620) 194  
  299   31.1  2.6  2.0  NC_000913.3  4210711 4210861  (430791) + LSU-rRNA_Hsa    rRNA             1504   1655 (3380) 195  
  549   33.1  2.8  7.6  NC_000913.3  4211813 4212171  (429481) + LSU-rRNA_Hsa    rRNA             3612   3954 (1081) 195  
  564   29.9  4.7  6.2  NC_000913.3  4212246 4212651  (429001) + LSU-rRNA_Hsa    rRNA             4126   4525  (510) 195  
   14   20.0  0.0  4.8  NC_000913.3  4235702 4235745  (405907) + (TTGTTT)n       Simple_repeat       1     42    (0) 196  
   13    9.8  0.0  0.0  NC_000913.3  4236116 4236137  (405515) + (ACC)n          Simple_repeat       1     22    (0) 197  
   17   22.3  5.2  0.0  NC_000913.3  4314154 4314211  (327441) + (TGGAGGA)n      Simple_repeat       1     61    (0) 198  
  190   33.8  0.0  7.6  NC_000913.3  4349325 4349452  (292200) C MamRTE1         LINE/RTE-BovB  (3255)    557    439 199  
   13   15.8  2.7  2.7  NC_000913.3  4355341 4355377  (286275) + (CATAAGC)n      Simple_repeat       1     37    (0) 200  
  315   24.3  0.0  0.0  NC_000913.3  4362551 4362626  (279026) C tRNA-Tyr-TAC    tRNA              (0)     76      1 201  
  200   32.7  4.8  0.9  NC_000913.3  4371899 4372003  (269649) C OldhAT1         DNA/hAT-Ac     (1771)   1071    963 202  
  246   26.8  0.0  0.0  NC_000913.3  4392367 4392422  (249230) + tRNA-Lys-AAG    tRNA                8     63   (13) 203  
  246   26.8  0.0  0.0  NC_000913.3  4392479 4392534  (249118) + tRNA-Lys-AAG    tRNA                8     63   (13) 204  
  246   26.8  0.0  0.0  NC_000913.3  4392590 4392645  (249007) + tRNA-Lys-AAG    tRNA                8     63   (13) 205  
   12   13.7  0.0  0.0  NC_000913.3  4396451 4396474  (245178) + (GCC)n          Simple_repeat       1     24    (0) 206  
  187   27.6  7.9  0.0  NC_000913.3  4400537 4400612  (241040) + X6A_LINE        LINE/CR1          397    478  (600) 207  
   13   22.8  0.0  0.0  NC_000913.3  4470137 4470172  (171480) + (TGATCG)n       Simple_repeat       1     36    (0) 208  
  182   17.9  2.6  0.0  NC_000913.3  4608751 4608789   (32863) + MamRTE1         LINE/RTE-BovB    1743   1782 (2030) 209  
